<?xml version="1.0" encoding="UTF-8"?>
<testsuite name="cloud.united.vms.allowancesyncvod.AllowancePublishingPointVodIntegrationTest" tests="5" skipped="0" failures="0" errors="0" timestamp="2021-08-26T13:14:23" hostname="UC-PF2BQXYE" time="0.99">
  <properties/>
  <testcase name="whenVodWithoutPublishingPointsIsAddedToAllowanceNoAllowancePublishingPointsDomainEventsAreCreated" classname="cloud.united.vms.allowancesyncvod.AllowancePublishingPointVodIntegrationTest" time="0.529"/>
  <testcase name="whenPublishingPointsForVodInAllowanceAreUpdatedAllowancePublishingPointDomainEventsAreCreated" classname="cloud.united.vms.allowancesyncvod.AllowancePublishingPointVodIntegrationTest" time="0.216"/>
  <testcase name="whenAddingVodWithPublishingPointsToAllowanceThenAllowancePublishingPointsEventAreCreated" classname="cloud.united.vms.allowancesyncvod.AllowancePublishingPointVodIntegrationTest" time="0.084"/>
  <testcase name="whenVodIsRemovedFromAllowanceThenAllowancePublishingPointsDeleteEventsAreCreated" classname="cloud.united.vms.allowancesyncvod.AllowancePublishingPointVodIntegrationTest" time="0.106"/>
  <testcase name="whenVodIsCreatedNoAllowancePublishingPointDomainEventsAreCreated" classname="cloud.united.vms.allowancesyncvod.AllowancePublishingPointVodIntegrationTest" time="0.04"/>
  <system-out><![CDATA[15:13:00.251 [Test worker] DEBUG org.springframework.test.context.junit4.SpringJUnit4ClassRunner - SpringJUnit4ClassRunner constructor called with [class cloud.united.vms.allowancesyncvod.AllowancePublishingPointVodIntegrationTest]
15:13:00.280 [Test worker] DEBUG org.springframework.test.context.BootstrapUtils - Instantiating CacheAwareContextLoaderDelegate from class [org.springframework.test.context.cache.DefaultCacheAwareContextLoaderDelegate]
15:13:00.326 [Test worker] DEBUG org.springframework.test.context.BootstrapUtils - Instantiating BootstrapContext using constructor [public org.springframework.test.context.support.DefaultBootstrapContext(java.lang.Class,org.springframework.test.context.CacheAwareContextLoaderDelegate)]
15:13:00.412 [Test worker] DEBUG org.springframework.test.context.BootstrapUtils - Instantiating TestContextBootstrapper for test class [cloud.united.vms.allowancesyncvod.AllowancePublishingPointVodIntegrationTest] from class [org.springframework.boot.test.context.SpringBootTestContextBootstrapper]
15:13:00.480 [Test worker] INFO org.springframework.boot.test.context.SpringBootTestContextBootstrapper - Neither @ContextConfiguration nor @ContextHierarchy found for test class [cloud.united.vms.allowancesyncvod.AllowancePublishingPointVodIntegrationTest], using SpringBootContextLoader
15:13:00.495 [Test worker] DEBUG org.springframework.test.context.support.AbstractContextLoader - Did not detect default resource location for test class [cloud.united.vms.allowancesyncvod.AllowancePublishingPointVodIntegrationTest]: class path resource [cloud/united/vms/allowancesyncvod/AllowancePublishingPointVodIntegrationTest-context.xml] does not exist
15:13:00.496 [Test worker] DEBUG org.springframework.test.context.support.AbstractContextLoader - Did not detect default resource location for test class [cloud.united.vms.allowancesyncvod.AllowancePublishingPointVodIntegrationTest]: class path resource [cloud/united/vms/allowancesyncvod/AllowancePublishingPointVodIntegrationTestContext.groovy] does not exist
15:13:00.496 [Test worker] INFO org.springframework.test.context.support.AbstractContextLoader - Could not detect default resource locations for test class [cloud.united.vms.allowancesyncvod.AllowancePublishingPointVodIntegrationTest]: no resource found for suffixes {-context.xml, Context.groovy}.
15:13:00.499 [Test worker] INFO org.springframework.test.context.support.AnnotationConfigContextLoaderUtils - Could not detect default configuration classes for test class [cloud.united.vms.allowancesyncvod.AllowancePublishingPointVodIntegrationTest]: AllowancePublishingPointVodIntegrationTest does not declare any static, non-private, non-final, nested classes annotated with @Configuration.
15:13:00.734 [Test worker] DEBUG org.springframework.test.context.support.ActiveProfilesUtils - Could not find an 'annotation declaring class' for annotation type [org.springframework.test.context.ActiveProfiles] and class [cloud.united.vms.allowancesyncvod.AllowancePublishingPointVodIntegrationTest]
15:13:01.075 [Test worker] DEBUG org.springframework.context.annotation.ClassPathScanningCandidateComponentProvider - Identified candidate component class: file [C:\Users\vladimir.dabic\Documents\Repos\vms\vms\build\classes\java\main\cloud\united\vms\VmsApplication.class]
15:13:01.077 [Test worker] INFO org.springframework.boot.test.context.SpringBootTestContextBootstrapper - Found @SpringBootConfiguration cloud.united.vms.VmsApplication for test class cloud.united.vms.allowancesyncvod.AllowancePublishingPointVodIntegrationTest
15:13:01.517 [Test worker] DEBUG org.springframework.boot.test.context.SpringBootTestContextBootstrapper - @TestExecutionListeners is not present for class [cloud.united.vms.allowancesyncvod.AllowancePublishingPointVodIntegrationTest]: using defaults.
15:13:01.519 [Test worker] INFO org.springframework.boot.test.context.SpringBootTestContextBootstrapper - Loaded default TestExecutionListener class names from location [META-INF/spring.factories]: [org.springframework.boot.test.autoconfigure.restdocs.RestDocsTestExecutionListener, org.springframework.boot.test.autoconfigure.web.client.MockRestServiceServerResetTestExecutionListener, org.springframework.boot.test.autoconfigure.web.servlet.MockMvcPrintOnlyOnFailureTestExecutionListener, org.springframework.boot.test.autoconfigure.web.servlet.WebDriverTestExecutionListener, org.springframework.boot.test.mock.mockito.MockitoTestExecutionListener, org.springframework.boot.test.mock.mockito.ResetMocksTestExecutionListener, org.springframework.test.context.web.ServletTestExecutionListener, org.springframework.test.context.support.DirtiesContextBeforeModesTestExecutionListener, org.springframework.test.context.support.DependencyInjectionTestExecutionListener, org.springframework.test.context.support.DirtiesContextTestExecutionListener, org.springframework.test.context.transaction.TransactionalTestExecutionListener, org.springframework.test.context.jdbc.SqlScriptsTestExecutionListener]
15:13:01.584 [Test worker] INFO org.springframework.boot.test.context.SpringBootTestContextBootstrapper - Using TestExecutionListeners: [org.springframework.test.context.web.ServletTestExecutionListener@6db3e9f, org.springframework.test.context.support.DirtiesContextBeforeModesTestExecutionListener@5e204735, org.springframework.boot.test.mock.mockito.MockitoTestExecutionListener@5c3e4db8, org.springframework.boot.test.autoconfigure.SpringBootDependencyInjectionTestExecutionListener@47a96975, org.springframework.test.context.support.DirtiesContextTestExecutionListener@18d988d9, org.springframework.test.context.transaction.TransactionalTestExecutionListener@449c7d18, org.springframework.test.context.jdbc.SqlScriptsTestExecutionListener@6ae1abbe, org.springframework.boot.test.autoconfigure.restdocs.RestDocsTestExecutionListener@660f8556, org.springframework.boot.test.autoconfigure.web.client.MockRestServiceServerResetTestExecutionListener@3244560e, org.springframework.boot.test.autoconfigure.web.servlet.MockMvcPrintOnlyOnFailureTestExecutionListener@159789e3, org.springframework.boot.test.autoconfigure.web.servlet.WebDriverTestExecutionListener@724c6cb4, org.springframework.boot.test.mock.mockito.ResetMocksTestExecutionListener@6873729e]
15:13:01.596 [Test worker] DEBUG org.springframework.test.annotation.ProfileValueUtils - Retrieved @ProfileValueSourceConfiguration [null] for test class [cloud.united.vms.allowancesyncvod.AllowancePublishingPointVodIntegrationTest]
15:13:01.597 [Test worker] DEBUG org.springframework.test.annotation.ProfileValueUtils - Retrieved ProfileValueSource type [class org.springframework.test.annotation.SystemProfileValueSource] for class [cloud.united.vms.allowancesyncvod.AllowancePublishingPointVodIntegrationTest]
15:13:01.603 [Test worker] DEBUG org.springframework.test.annotation.ProfileValueUtils - Retrieved @ProfileValueSourceConfiguration [null] for test class [cloud.united.vms.allowancesyncvod.AllowancePublishingPointVodIntegrationTest]
15:13:01.603 [Test worker] DEBUG org.springframework.test.annotation.ProfileValueUtils - Retrieved ProfileValueSource type [class org.springframework.test.annotation.SystemProfileValueSource] for class [cloud.united.vms.allowancesyncvod.AllowancePublishingPointVodIntegrationTest]
15:13:01.605 [Test worker] DEBUG org.springframework.test.annotation.ProfileValueUtils - Retrieved @ProfileValueSourceConfiguration [null] for test class [cloud.united.vms.allowancesyncvod.AllowancePublishingPointVodIntegrationTest]
15:13:01.606 [Test worker] DEBUG org.springframework.test.annotation.ProfileValueUtils - Retrieved ProfileValueSource type [class org.springframework.test.annotation.SystemProfileValueSource] for class [cloud.united.vms.allowancesyncvod.AllowancePublishingPointVodIntegrationTest]
15:13:01.618 [Test worker] DEBUG org.springframework.test.context.support.AbstractDirtiesContextTestExecutionListener - Before test class: context [DefaultTestContext@33221bee testClass = AllowancePublishingPointVodIntegrationTest, testInstance = [null], testMethod = [null], testException = [null], mergedContextConfiguration = [WebMergedContextConfiguration@7475559f testClass = AllowancePublishingPointVodIntegrationTest, locations = '{}', classes = '{class cloud.united.vms.VmsApplication}', contextInitializerClasses = '[]', activeProfiles = '{}', propertySourceLocations = '{}', propertySourceProperties = '{vms.integration.domain-events.enabled=true, org.springframework.boot.test.context.SpringBootTestContextBootstrapper=true}', contextCustomizers = set[org.springframework.boot.test.autoconfigure.properties.PropertyMappingContextCustomizer@0, org.springframework.boot.test.autoconfigure.web.servlet.WebDriverContextCustomizerFactory$Customizer@7264cd53, org.springframework.boot.test.context.filter.ExcludeFilterContextCustomizer@698184d4, org.springframework.boot.test.json.DuplicateJsonObjectContextCustomizerFactory$DuplicateJsonObjectContextCustomizer@68656e65, org.springframework.boot.test.mock.mockito.MockitoContextCustomizer@7b3696ff, org.springframework.boot.test.web.client.TestRestTemplateContextCustomizer@6973924d], resourceBasePath = 'src/main/webapp', contextLoader = 'org.springframework.boot.test.context.SpringBootContextLoader', parent = [null]], attributes = map['org.springframework.test.context.web.ServletTestExecutionListener.activateListener' -> true]], class annotated with @DirtiesContext [false] with mode [null].
15:13:01.619 [Test worker] DEBUG org.springframework.test.annotation.ProfileValueUtils - Retrieved @ProfileValueSourceConfiguration [null] for test class [cloud.united.vms.allowancesyncvod.AllowancePublishingPointVodIntegrationTest]
15:13:01.619 [Test worker] DEBUG org.springframework.test.annotation.ProfileValueUtils - Retrieved ProfileValueSource type [class org.springframework.test.annotation.SystemProfileValueSource] for class [cloud.united.vms.allowancesyncvod.AllowancePublishingPointVodIntegrationTest]
15:13:01.675 [Test worker] DEBUG org.springframework.test.context.support.TestPropertySourceUtils - Adding inlined properties to environment: {spring.jmx.enabled=false, vms.integration.domain-events.enabled=true, org.springframework.boot.test.context.SpringBootTestContextBootstrapper=true, server.port=-1}

oooooo     oooo ooo        ooooo  .oooooo..o
 `888.     .8'  `88.       .888' d8P'    `Y8
  `888.   .8'    888b     d'888  Y88bo.
   `888. .8'     8 Y88. .P  888   `"Y8888o.
    `888.8'      8  `888'   888       `"Y88b
     `888'       8    Y     888  oo     .d8P
      `8'       o8o        o888o 8""88888P'


]]></system-out>
  <system-err><![CDATA[]]></system-err>
</testsuite>
